2025.08.06 10:15:10 INFO  Started: Metals version 1.6.1 in folders '/home/renan/code/fraud-detect' for client Visual Studio Code 1.102.3.[0m
2025.08.06 10:15:11 INFO  no build target found for /home/renan/code/fraud-detect/build.sbt. Using presentation compiler with project's scala-library version: 3.3.6[0m
2025.08.06 10:15:13 INFO  no build target found for /home/renan/code/fraud-detect/build.sbt. Using presentation compiler with project's scala-library version: 3.3.6[0m
2025.08.06 10:15:13 INFO  no build target found for /home/renan/code/fraud-detect/build.sbt. Using presentation compiler with project's scala-library version: 3.3.6[0m
2025.08.06 10:15:13 INFO  no build target found for /home/renan/code/fraud-detect/build.sc. Using presentation compiler with project's scala-library version: 3.3.6[0m
2025.08.06 10:15:13 INFO  no build target found for /home/renan/code/fraud-detect/build.sc. Using presentation compiler with project's scala-library version: 3.3.6[0m
2025.08.06 10:15:18 INFO  no build target found for /home/renan/code/fraud-detect/build.sc. Using presentation compiler with project's scala-library version: 3.3.6[0m
2025.08.06 10:15:18 INFO  no build target found for /home/renan/code/fraud-detect/.g8/form/app/controllers/$model__Camel$Controller.scala. Using presentation compiler with project's scala-library version: 3.3.6[0m
2025.08.06 10:15:18 INFO  no build target found for /home/renan/code/fraud-detect/.g8/form/app/controllers/$model__Camel$Controller.scala. Using presentation compiler with project's scala-library version: 3.3.6[0m
2025.08.06 10:15:18 INFO  no build target found for /home/renan/code/fraud-detect/.g8/form/app/controllers/$model__Camel$Controller.scala. Using presentation compiler with project's scala-library version: 3.3.6[0m
2025.08.06 10:15:23 INFO  no build target found for /home/renan/code/fraud-detect/.g8/form/app/controllers/$model__Camel$Controller.scala. Using presentation compiler with project's scala-library version: 3.3.6[0m
2025.08.06 10:15:23 INFO  no build target found for /home/renan/code/fraud-detect/.g8/form/app/controllers/$model__Camel$Controller.scala. Using presentation compiler with project's scala-library version: 3.3.6[0m
2025.08.06 10:15:26 INFO  no build target found for /home/renan/code/fraud-detect/.g8/form/app/controllers/$model__Camel$Controller.scala. Using presentation compiler with project's scala-library version: 3.3.6[0m
2025.08.06 10:15:30 INFO  no build target found for /home/renan/code/fraud-detect/.g8/form/test/controllers/$model__Camel$ControllerSpec.scala. Using presentation compiler with project's scala-library version: 3.3.6[0m
2025.08.06 10:15:30 INFO  no build target found for /home/renan/code/fraud-detect/.g8/form/test/controllers/$model__Camel$ControllerSpec.scala. Using presentation compiler with project's scala-library version: 3.3.6[0m
2025.08.06 10:15:30 INFO  no build target found for /home/renan/code/fraud-detect/.g8/form/test/controllers/$model__Camel$ControllerSpec.scala. Using presentation compiler with project's scala-library version: 3.3.6[0m
2025.08.06 10:15:31 INFO  no build target found for /home/renan/code/fraud-detect/app/controllers/HomeController.scala. Using presentation compiler with project's scala-library version: 3.3.6[0m
2025.08.06 10:15:31 INFO  no build target found for /home/renan/code/fraud-detect/app/controllers/HomeController.scala. Using presentation compiler with project's scala-library version: 3.3.6[0m
2025.08.06 10:15:31 INFO  no build target found for /home/renan/code/fraud-detect/app/controllers/HomeController.scala. Using presentation compiler with project's scala-library version: 3.3.6[0m
2025.08.06 10:15:47 INFO  no build target found for /home/renan/code/fraud-detect/project/plugins.sbt. Using presentation compiler with project's scala-library version: 3.3.6[0m
2025.08.06 10:15:47 INFO  no build target found for /home/renan/code/fraud-detect/project/plugins.sbt. Using presentation compiler with project's scala-library version: 3.3.6[0m
2025.08.06 10:15:47 WARN  Could not find semantic tokens for: file:///home/renan/code/fraud-detect/project/plugins.sbt[0m
2025.08.06 10:15:52 INFO  no build target found for /home/renan/code/fraud-detect/project/plugins.sbt. Using presentation compiler with project's scala-library version: 3.3.6[0m
2025.08.06 10:15:57 INFO  no build target found for /home/renan/code/fraud-detect/test/controllers/HomeControllerSpec.scala. Using presentation compiler with project's scala-library version: 3.3.6[0m
2025.08.06 10:15:58 INFO  no build target found for /home/renan/code/fraud-detect/test/controllers/HomeControllerSpec.scala. Using presentation compiler with project's scala-library version: 3.3.6[0m
2025.08.06 10:16:00 INFO  no build target found for /home/renan/code/fraud-detect/test/controllers/HomeControllerSpec.scala. Using presentation compiler with project's scala-library version: 3.3.6[0m
